--------------- 05-02-2020, 12:16:14 ---------------
| DC v0.9.7 beta Rev. 9235 -- x86_64-Linux-qt5
| Manjaro Linux -- Qt 5.14.0, libQt5Pas 5.6.1 | PID 2685
Unhandled exception: EAccessViolation: Access violation
  Stack trace:
  $00007F931BA091EB in /usr/lib/libQt5Pas.so.1
  $000000000051B66D line 314, column 42 of qtobject.inc in /usr/lib/doublecmd/doublecmd
  $00000000004BA4F6 line 1615, column 3 of include/application.inc in /usr/lib/doublecmd/doublecmd
  $00000000004DB041 line 2192, column 3 of fmain.pas in /usr/lib/doublecmd/doublecmd
  $00000000004AF23C line 2196, column 7 of include/customform.inc in /usr/lib/doublecmd/doublecmd
  $00000000004AF4BD line 2276, column 3 of include/customform.inc in /usr/lib/doublecmd/doublecmd
  $00000000004393EF in /usr/lib/doublecmd/doublecmd
  $0000000000647B5D line 5411, column 28 of include/wincontrol.inc in /usr/lib/doublecmd/doublecmd
  $00000000004ACD32 line 1477, column 31 of include/customform.inc in /usr/lib/doublecmd/doublecmd
  $00000000006EACDB line 5702, column 7 of qtwidgets.pas in /usr/lib/doublecmd/doublecmd
  $00000000006E53F9 line 2868, column 3 of qtwidgets.pas in /usr/lib/doublecmd/doublecmd
  $00000000004EAC8F line 6243, column 19 of fmain.pas in /usr/lib/doublecmd/doublecmd
  $00007F931A18A5C3 in /usr/lib/libQt5Core.so.5

--------------- 05-02-2020, 13:12:53 ---------------
| DC v0.9.7 beta Rev. 9235 -- x86_64-Linux-qt5
| Manjaro Linux -- Qt 5.14.0, libQt5Pas 5.6.1 | PID 10264
Unhandled exception: EAccessViolation: Access violation
  Stack trace:
  $00007F60066E11EB in /usr/lib/libQt5Pas.so.1
  $000000000051B66D line 314, column 42 of qtobject.inc in /usr/lib/doublecmd/doublecmd
  $00000000004BA4F6 line 1615, column 3 of include/application.inc in /usr/lib/doublecmd/doublecmd
  $00000000004DB041 line 2192, column 3 of fmain.pas in /usr/lib/doublecmd/doublecmd
  $00000000004AF23C line 2196, column 7 of include/customform.inc in /usr/lib/doublecmd/doublecmd
  $00000000004AF4BD line 2276, column 3 of include/customform.inc in /usr/lib/doublecmd/doublecmd
  $00000000004393EF in /usr/lib/doublecmd/doublecmd
  $0000000000647B5D line 5411, column 28 of include/wincontrol.inc in /usr/lib/doublecmd/doublecmd
  $00000000004ACD32 line 1477, column 31 of include/customform.inc in /usr/lib/doublecmd/doublecmd
  $00000000006EACDB line 5702, column 7 of qtwidgets.pas in /usr/lib/doublecmd/doublecmd
  $00000000006E53F9 line 2868, column 3 of qtwidgets.pas in /usr/lib/doublecmd/doublecmd
  $00000000004EAC8F line 6243, column 19 of fmain.pas in /usr/lib/doublecmd/doublecmd
  $00007F6004E625C3 in /usr/lib/libQt5Core.so.5

--------------- 06-02-2020, 09:56:22 ---------------
| DC v0.9.7 beta Rev. 9235 -- x86_64-Linux-qt5
| Manjaro Linux -- Qt 5.14.0, libQt5Pas 5.6.1 | PID 18623
Unhandled exception: EAccessViolation: Access violation
  Stack trace:
  $00007FAC3D0B51EB in /usr/lib/libQt5Pas.so.1
  $000000000051B66D line 314, column 42 of qtobject.inc in /usr/lib/doublecmd/doublecmd
  $00000000004BA4F6 line 1615, column 3 of include/application.inc in /usr/lib/doublecmd/doublecmd
  $00000000004DB041 line 2192, column 3 of fmain.pas in /usr/lib/doublecmd/doublecmd
  $00000000004AF23C line 2196, column 7 of include/customform.inc in /usr/lib/doublecmd/doublecmd
  $00000000004AF4BD line 2276, column 3 of include/customform.inc in /usr/lib/doublecmd/doublecmd
  $00000000004393EF in /usr/lib/doublecmd/doublecmd
  $0000000000647B5D line 5411, column 28 of include/wincontrol.inc in /usr/lib/doublecmd/doublecmd
  $00000000004ACD32 line 1477, column 31 of include/customform.inc in /usr/lib/doublecmd/doublecmd
  $00000000006EACDB line 5702, column 7 of qtwidgets.pas in /usr/lib/doublecmd/doublecmd
  $00000000006E53F9 line 2868, column 3 of qtwidgets.pas in /usr/lib/doublecmd/doublecmd
  $00000000004EAC8F line 6243, column 19 of fmain.pas in /usr/lib/doublecmd/doublecmd
  $00007FAC3B8365C3 in /usr/lib/libQt5Core.so.5

--------------- 07-02-2020, 11:05:36 ---------------
| DC v0.9.7 beta Rev. 9235 -- x86_64-Linux-qt5
| Manjaro Linux -- Qt 5.14.0, libQt5Pas 5.6.1 | PID 28222
Unhandled exception: EAccessViolation: Access violation
  Stack trace:
  $00007F38A70DF1EB in /usr/lib/libQt5Pas.so.1
  $000000000051B66D in /usr/lib/doublecmd/doublecmd
  $00000000004BA4F6 in /usr/lib/doublecmd/doublecmd
  $00000000004DB041 line 2188, column 6 of fmain.pas in /usr/lib/doublecmd/doublecmd
  $00000000004AF23C line 2183, column 10 of include/customform.inc in /usr/lib/doublecmd/doublecmd
  $00000000004AF4BD line 2252, column 18 of include/customform.inc in /usr/lib/doublecmd/doublecmd
  $00000000004393EF in /usr/lib/doublecmd/doublecmd
  $0000000000647B5D line 5405, column 13 of include/wincontrol.inc in /usr/lib/doublecmd/doublecmd
  $00000000004ACD32 line 1469, column 12 of include/customform.inc in /usr/lib/doublecmd/doublecmd
  $00000000006EACDB line 5699, column 3 of qtwidgets.pas in /usr/lib/doublecmd/doublecmd
  $00000000006E53F9 line 2846, column 3 of qtwidgets.pas in /usr/lib/doublecmd/doublecmd
  $00000000004EAC8F line 6235, column 1 of fmain.pas in /usr/lib/doublecmd/doublecmd
  $00007F38A58605C3 in /usr/lib/libQt5Core.so.5

--------------- 14-02-2020, 11:09:34 ---------------
| DC v0.9.8 beta Rev. 9296 -- x86_64-Linux-qt5
| Manjaro Linux -- Qt 5.14.1, libQt5Pas 5.6.1 | PID 2535
Unhandled exception: EAccessViolation: Access violation
  Stack trace:
  $00007F8E5AFF7BD2 in /usr/lib/libQt5XcbQpa.so.5
  $B507D05788F8AC00 in 
  $B507D05788F8AC00 in 

--------------- 15-02-2020, 20:21:34 ---------------
| DC v0.9.8 beta Rev. 9296 -- x86_64-Linux-qt5
| Manjaro Linux -- Qt 5.14.1, libQt5Pas 5.6.1 | PID 11459
Unhandled exception: EAccessViolation: Access violation
  Stack trace:
  $00007F114BF0B1EB in /usr/lib/libQt5Pas.so.1
  $000000000051B6CD line 314, column 42 of qtobject.inc in /usr/lib/doublecmd/doublecmd
  $00000000004BA536 line 1615, column 3 of include/application.inc in /usr/lib/doublecmd/doublecmd
  $00000000004DB081 line 2192, column 3 of fmain.pas in /usr/lib/doublecmd/doublecmd
  $00000000004AF27C line 2196, column 7 of include/customform.inc in /usr/lib/doublecmd/doublecmd
  $00000000004AF4FD line 2276, column 3 of include/customform.inc in /usr/lib/doublecmd/doublecmd
  $000000000043942F in /usr/lib/doublecmd/doublecmd
  $0000000000647BBD line 5411, column 28 of include/wincontrol.inc in /usr/lib/doublecmd/doublecmd
  $00000000004ACD72 line 1477, column 31 of include/customform.inc in /usr/lib/doublecmd/doublecmd
  $00000000006EAD3B line 5702, column 7 of qtwidgets.pas in /usr/lib/doublecmd/doublecmd
  $00000000006E5459 line 2868, column 3 of qtwidgets.pas in /usr/lib/doublecmd/doublecmd
  $00000000004EACCF line 6243, column 19 of fmain.pas in /usr/lib/doublecmd/doublecmd
  $00007F114A68B673 in /usr/lib/libQt5Core.so.5

--------------- 17-02-2020, 13:04:01 ---------------
| DC v0.9.8 beta Rev. 9296 -- x86_64-Linux-qt5
| Manjaro Linux -- Qt 5.14.1, libQt5Pas 5.6.1 | PID 1424
Unhandled exception: EAccessViolation: Access violation
  Stack trace:
  $00007F5A8C1A51EB in /usr/lib/libQt5Pas.so.1
  $000000000051B6CD line 314, column 42 of qtobject.inc in /usr/lib/doublecmd/doublecmd
  $00000000004BA536 line 1615, column 3 of include/application.inc in /usr/lib/doublecmd/doublecmd
  $00000000004DB081 line 2192, column 3 of fmain.pas in /usr/lib/doublecmd/doublecmd
  $00000000004AF27C line 2196, column 7 of include/customform.inc in /usr/lib/doublecmd/doublecmd
  $00000000004AF4FD line 2276, column 3 of include/customform.inc in /usr/lib/doublecmd/doublecmd
  $000000000043942F in /usr/lib/doublecmd/doublecmd
  $0000000000647BBD line 5411, column 28 of include/wincontrol.inc in /usr/lib/doublecmd/doublecmd
  $00000000004ACD72 line 1477, column 31 of include/customform.inc in /usr/lib/doublecmd/doublecmd
  $00000000006EAD3B line 5702, column 7 of qtwidgets.pas in /usr/lib/doublecmd/doublecmd
  $00000000006E5459 line 2868, column 3 of qtwidgets.pas in /usr/lib/doublecmd/doublecmd
  $00000000004EACCF line 6243, column 19 of fmain.pas in /usr/lib/doublecmd/doublecmd
  $00007F5A8A925673 in /usr/lib/libQt5Core.so.5

--------------- 17-02-2020, 19:18:27 ---------------
| DC v0.9.8 beta Rev. 9296 -- x86_64-Linux-qt5
| Manjaro Linux -- Qt 5.14.1, libQt5Pas 5.6.1 | PID 1488
Unhandled exception: EAccessViolation: Access violation
  Stack trace:
  $00007FBD045E91EB in /usr/lib/libQt5Pas.so.1
  $000000000051B6CD line 314, column 42 of qtobject.inc in /usr/lib/doublecmd/doublecmd
  $00000000004BA536 line 1615, column 3 of include/application.inc in /usr/lib/doublecmd/doublecmd
  $00000000004DB081 line 2192, column 3 of fmain.pas in /usr/lib/doublecmd/doublecmd
  $00000000004AF27C line 2196, column 7 of include/customform.inc in /usr/lib/doublecmd/doublecmd
  $00000000004AF4FD line 2276, column 3 of include/customform.inc in /usr/lib/doublecmd/doublecmd
  $000000000043942F in /usr/lib/doublecmd/doublecmd
  $0000000000647BBD line 5411, column 28 of include/wincontrol.inc in /usr/lib/doublecmd/doublecmd
  $00000000004ACD72 line 1477, column 31 of include/customform.inc in /usr/lib/doublecmd/doublecmd
  $00000000006EAD3B line 5702, column 7 of qtwidgets.pas in /usr/lib/doublecmd/doublecmd
  $00000000006E5459 line 2868, column 3 of qtwidgets.pas in /usr/lib/doublecmd/doublecmd
  $00000000004EACCF line 6243, column 19 of fmain.pas in /usr/lib/doublecmd/doublecmd
  $00007FBD02D69673 in /usr/lib/libQt5Core.so.5

--------------- 17-02-2020, 19:22:09 ---------------
| DC v0.9.8 beta Rev. 9296 -- x86_64-Linux-qt5
| Manjaro Linux -- Qt 5.14.1, libQt5Pas 5.6.1 | PID 1481
Unhandled exception: EAccessViolation: Access violation
  Stack trace:
  $00007FE6B480F1EB in /usr/lib/libQt5Pas.so.1
  $000000000051B6CD line 314, column 42 of qtobject.inc in /usr/lib/doublecmd/doublecmd
  $00000000004BA536 line 1615, column 3 of include/application.inc in /usr/lib/doublecmd/doublecmd
  $00000000004DB081 line 2192, column 3 of fmain.pas in /usr/lib/doublecmd/doublecmd
  $00000000004AF27C line 2196, column 7 of include/customform.inc in /usr/lib/doublecmd/doublecmd
  $00000000004AF4FD line 2276, column 3 of include/customform.inc in /usr/lib/doublecmd/doublecmd
  $000000000043942F in /usr/lib/doublecmd/doublecmd
  $0000000000647BBD line 5411, column 28 of include/wincontrol.inc in /usr/lib/doublecmd/doublecmd
  $00000000004ACD72 line 1477, column 31 of include/customform.inc in /usr/lib/doublecmd/doublecmd
  $00000000006EAD3B line 5702, column 7 of qtwidgets.pas in /usr/lib/doublecmd/doublecmd
  $00000000006E5459 line 2868, column 3 of qtwidgets.pas in /usr/lib/doublecmd/doublecmd
  $00000000004EACCF line 6243, column 19 of fmain.pas in /usr/lib/doublecmd/doublecmd
  $00007FE6B2F8F673 in /usr/lib/libQt5Core.so.5

--------------- 19-02-2020, 23:16:03 ---------------
| DC v0.9.8 beta Rev. 9296 -- x86_64-Linux-qt5
| Manjaro Linux -- Qt 5.14.1, libQt5Pas 5.6.1 | PID 1720
Unhandled exception: EAccessViolation: Access violation
  Stack trace:
  $00007F2D574A21EB in /usr/lib/libQt5Pas.so.1
  $000000000051B6CD line 314, column 42 of qtobject.inc in /usr/lib/doublecmd/doublecmd
  $00000000004BA536 line 1615, column 3 of include/application.inc in /usr/lib/doublecmd/doublecmd
  $00000000004DB081 line 2192, column 3 of fmain.pas in /usr/lib/doublecmd/doublecmd
  $00000000004AF27C line 2196, column 7 of include/customform.inc in /usr/lib/doublecmd/doublecmd
  $00000000004AF4FD line 2276, column 3 of include/customform.inc in /usr/lib/doublecmd/doublecmd
  $000000000043942F in /usr/lib/doublecmd/doublecmd
  $0000000000647BBD line 5411, column 28 of include/wincontrol.inc in /usr/lib/doublecmd/doublecmd
  $00000000004ACD72 line 1477, column 31 of include/customform.inc in /usr/lib/doublecmd/doublecmd
  $00000000006EAD3B line 5702, column 7 of qtwidgets.pas in /usr/lib/doublecmd/doublecmd
  $00000000006E5459 line 2868, column 3 of qtwidgets.pas in /usr/lib/doublecmd/doublecmd
  $00000000004EACCF line 6243, column 19 of fmain.pas in /usr/lib/doublecmd/doublecmd
  $00007F2D55C22673 in /usr/lib/libQt5Core.so.5

--------------- 21-02-2020, 17:48:26 ---------------
| DC v0.9.8 beta Rev. 9296 -- x86_64-Linux-qt5
| Manjaro Linux -- Qt 5.14.1, libQt5Pas 5.6.1 | PID 1654
Unhandled exception: EAccessViolation: Access violation
  Stack trace:
  $00007F963624D1EB in /usr/lib/libQt5Pas.so.1
  $000000000051B6CD line 314, column 42 of qtobject.inc in /usr/lib/doublecmd/doublecmd
  $00000000004BA536 line 1615, column 3 of include/application.inc in /usr/lib/doublecmd/doublecmd
  $00000000004DB081 line 2192, column 3 of fmain.pas in /usr/lib/doublecmd/doublecmd
  $00000000004AF27C line 2196, column 7 of include/customform.inc in /usr/lib/doublecmd/doublecmd
  $00000000004AF4FD line 2276, column 3 of include/customform.inc in /usr/lib/doublecmd/doublecmd
  $000000000043942F in /usr/lib/doublecmd/doublecmd
  $0000000000647BBD line 5411, column 28 of include/wincontrol.inc in /usr/lib/doublecmd/doublecmd
  $00000000004ACD72 line 1477, column 31 of include/customform.inc in /usr/lib/doublecmd/doublecmd
  $00000000006EAD3B line 5702, column 7 of qtwidgets.pas in /usr/lib/doublecmd/doublecmd
  $00000000006E5459 line 2868, column 3 of qtwidgets.pas in /usr/lib/doublecmd/doublecmd
  $00000000004EACCF line 6243, column 19 of fmain.pas in /usr/lib/doublecmd/doublecmd
  $00007F96349CD673 in /usr/lib/libQt5Core.so.5

--------------- 25-02-2020, 01:18:09 ---------------
| DC v0.9.8 beta Rev. 9296 -- x86_64-Linux-qt5
| Manjaro Linux -- Qt 5.14.1, libQt5Pas 5.6.1 | PID 1697
Unhandled exception: EAccessViolation: Access violation
  Stack trace:
  $00007F77A42D71EB in /usr/lib/libQt5Pas.so.1
  $000000000051B6CD line 314, column 42 of qtobject.inc in /usr/lib/doublecmd/doublecmd
  $00000000004BA536 line 1615, column 3 of include/application.inc in /usr/lib/doublecmd/doublecmd
  $00000000004DB081 line 2192, column 3 of fmain.pas in /usr/lib/doublecmd/doublecmd
  $00000000004AF27C line 2196, column 7 of include/customform.inc in /usr/lib/doublecmd/doublecmd
  $00000000004AF4FD line 2276, column 3 of include/customform.inc in /usr/lib/doublecmd/doublecmd
  $000000000043942F in /usr/lib/doublecmd/doublecmd
  $0000000000647BBD line 5411, column 28 of include/wincontrol.inc in /usr/lib/doublecmd/doublecmd
  $00000000004ACD72 line 1477, column 31 of include/customform.inc in /usr/lib/doublecmd/doublecmd
  $00000000006EAD3B line 5702, column 7 of qtwidgets.pas in /usr/lib/doublecmd/doublecmd
  $00000000006E5459 line 2868, column 3 of qtwidgets.pas in /usr/lib/doublecmd/doublecmd
  $00000000004EACCF line 6243, column 19 of fmain.pas in /usr/lib/doublecmd/doublecmd
  $00007F77A2A57673 in /usr/lib/libQt5Core.so.5

--------------- 27-02-2020, 08:17:34 ---------------
| DC v0.9.8 beta Rev. 9296 -- x86_64-Linux-qt5
| Manjaro Linux -- Qt 5.14.1, libQt5Pas 5.6.1 | PID 1687
Unhandled exception: EAccessViolation: Access violation
  Stack trace:
  $00007FB5565B51EB in /usr/lib/libQt5Pas.so.1
  $000000000051B6CD line 314, column 42 of qtobject.inc in /usr/lib/doublecmd/doublecmd
  $00000000004BA536 line 1615, column 3 of include/application.inc in /usr/lib/doublecmd/doublecmd
  $00000000004DB081 line 2192, column 3 of fmain.pas in /usr/lib/doublecmd/doublecmd
  $00000000004AF27C line 2196, column 7 of include/customform.inc in /usr/lib/doublecmd/doublecmd
  $00000000004AF4FD line 2276, column 3 of include/customform.inc in /usr/lib/doublecmd/doublecmd
  $000000000043942F in /usr/lib/doublecmd/doublecmd
  $0000000000647BBD line 5411, column 28 of include/wincontrol.inc in /usr/lib/doublecmd/doublecmd
  $00000000004ACD72 line 1477, column 31 of include/customform.inc in /usr/lib/doublecmd/doublecmd
  $00000000006EAD3B line 5702, column 7 of qtwidgets.pas in /usr/lib/doublecmd/doublecmd
  $00000000006E5459 line 2868, column 3 of qtwidgets.pas in /usr/lib/doublecmd/doublecmd
  $00000000004EACCF line 6243, column 19 of fmain.pas in /usr/lib/doublecmd/doublecmd
  $00007FB554D35673 in /usr/lib/libQt5Core.so.5

--------------- 28-02-2020, 01:13:20 ---------------
| DC v0.9.8 beta Rev. 9296 -- x86_64-Linux-qt5
| Manjaro Linux -- Qt 5.14.1, libQt5Pas 5.6.1 | PID 1694
Unhandled exception: EAccessViolation: Access violation
  Stack trace:
  $00007FF923A8F1EB in /usr/lib/libQt5Pas.so.1
  $000000000051B6CD line 314, column 42 of qtobject.inc in /usr/lib/doublecmd/doublecmd
  $00000000004BA536 line 1615, column 3 of include/application.inc in /usr/lib/doublecmd/doublecmd
  $00000000004DB081 line 2192, column 3 of fmain.pas in /usr/lib/doublecmd/doublecmd
  $00000000004AF27C line 2196, column 7 of include/customform.inc in /usr/lib/doublecmd/doublecmd
  $00000000004AF4FD line 2276, column 3 of include/customform.inc in /usr/lib/doublecmd/doublecmd
  $000000000043942F in /usr/lib/doublecmd/doublecmd
  $0000000000647BBD line 5411, column 28 of include/wincontrol.inc in /usr/lib/doublecmd/doublecmd
  $00000000004ACD72 line 1477, column 31 of include/customform.inc in /usr/lib/doublecmd/doublecmd
  $00000000006EAD3B line 5702, column 7 of qtwidgets.pas in /usr/lib/doublecmd/doublecmd
  $00000000006E5459 line 2868, column 3 of qtwidgets.pas in /usr/lib/doublecmd/doublecmd
  $00000000004EACCF line 6243, column 19 of fmain.pas in /usr/lib/doublecmd/doublecmd
  $00007FF922210723 in /usr/lib/libQt5Core.so.5

--------------- 02-03-2020, 10:05:52 ---------------
| DC v0.9.8 beta Rev. 9296 -- x86_64-Linux-qt5
| Manjaro Linux -- Qt 5.14.1, libQt5Pas 5.6.1 | PID 1680
Unhandled exception: EAccessViolation: Access violation
  Stack trace:
  $00007FF3384321EB in /usr/lib/libQt5Pas.so.1
  $000000000051B6CD line 314, column 42 of qtobject.inc in /usr/lib/doublecmd/doublecmd
  $00000000004BA536 line 1615, column 3 of include/application.inc in /usr/lib/doublecmd/doublecmd
  $00000000004DB081 line 2192, column 3 of fmain.pas in /usr/lib/doublecmd/doublecmd
  $00000000004AF27C line 2196, column 7 of include/customform.inc in /usr/lib/doublecmd/doublecmd
  $00000000004AF4FD line 2276, column 3 of include/customform.inc in /usr/lib/doublecmd/doublecmd
  $000000000043942F in /usr/lib/doublecmd/doublecmd
  $0000000000647BBD line 5411, column 28 of include/wincontrol.inc in /usr/lib/doublecmd/doublecmd
  $00000000004ACD72 line 1477, column 31 of include/customform.inc in /usr/lib/doublecmd/doublecmd
  $00000000006EAD3B line 5702, column 7 of qtwidgets.pas in /usr/lib/doublecmd/doublecmd
  $00000000006E5459 line 2868, column 3 of qtwidgets.pas in /usr/lib/doublecmd/doublecmd
  $00000000004EACCF line 6243, column 19 of fmain.pas in /usr/lib/doublecmd/doublecmd
  $00007FF336BB3723 in /usr/lib/libQt5Core.so.5

--------------- 04-03-2020, 21:35:58 ---------------
| DC v0.9.8 beta Rev. 9296 -- x86_64-Linux-qt5
| Manjaro Linux -- Qt 5.14.1, libQt5Pas 5.6.1 | PID 1722
Unhandled exception: EAccessViolation: Access violation
  Stack trace:
  $00007F3A335891EB in /usr/lib/libQt5Pas.so.1
  $000000000051B6CD line 314, column 42 of qtobject.inc in /usr/lib/doublecmd/doublecmd
  $00000000004BA536 line 1615, column 3 of include/application.inc in /usr/lib/doublecmd/doublecmd
  $00000000004DB081 line 2192, column 3 of fmain.pas in /usr/lib/doublecmd/doublecmd
  $00000000004AF27C line 2196, column 7 of include/customform.inc in /usr/lib/doublecmd/doublecmd
  $00000000004AF4FD line 2276, column 3 of include/customform.inc in /usr/lib/doublecmd/doublecmd
  $000000000043942F in /usr/lib/doublecmd/doublecmd
  $0000000000647BBD line 5411, column 28 of include/wincontrol.inc in /usr/lib/doublecmd/doublecmd
  $00000000004ACD72 line 1477, column 31 of include/customform.inc in /usr/lib/doublecmd/doublecmd
  $00000000006EAD3B line 5702, column 7 of qtwidgets.pas in /usr/lib/doublecmd/doublecmd
  $00000000006E5459 line 2868, column 3 of qtwidgets.pas in /usr/lib/doublecmd/doublecmd
  $00000000004EACCF line 6243, column 19 of fmain.pas in /usr/lib/doublecmd/doublecmd
  $00007F3A31D0A723 in /usr/lib/libQt5Core.so.5

--------------- 04-03-2020, 21:44:43 ---------------
| DC v0.9.8 beta Rev. 9296 -- x86_64-Linux-qt5
| Manjaro Linux -- Qt 5.14.1, libQt5Pas 5.6.1 | PID 1727
Unhandled exception: EAccessViolation: Access violation
  Stack trace:
  $00007F84F6CAF1EB in /usr/lib/libQt5Pas.so.1
  $000000000051B6CD line 314, column 42 of qtobject.inc in /usr/lib/doublecmd/doublecmd
  $00000000004BA536 line 1615, column 3 of include/application.inc in /usr/lib/doublecmd/doublecmd
  $00000000004DB081 line 2192, column 3 of fmain.pas in /usr/lib/doublecmd/doublecmd
  $00000000004AF27C line 2196, column 7 of include/customform.inc in /usr/lib/doublecmd/doublecmd
  $00000000004AF4FD line 2276, column 3 of include/customform.inc in /usr/lib/doublecmd/doublecmd
  $000000000043942F in /usr/lib/doublecmd/doublecmd
  $0000000000647BBD line 5411, column 28 of include/wincontrol.inc in /usr/lib/doublecmd/doublecmd
  $00000000004ACD72 line 1477, column 31 of include/customform.inc in /usr/lib/doublecmd/doublecmd
  $00000000006EAD3B line 5702, column 7 of qtwidgets.pas in /usr/lib/doublecmd/doublecmd
  $00000000006E5459 line 2868, column 3 of qtwidgets.pas in /usr/lib/doublecmd/doublecmd
  $00000000004EACCF line 6243, column 19 of fmain.pas in /usr/lib/doublecmd/doublecmd
  $00007F84F5430723 in /usr/lib/libQt5Core.so.5

--------------- 11-03-2020, 00:19:56 ---------------
| DC v0.9.8 beta Rev. 9296 -- x86_64-Linux-qt5
| Manjaro Linux -- Qt 5.14.1, libQt5Pas 5.6.1 | PID 1741
Unhandled exception: EAccessViolation: Access violation
  Stack trace:
  $00007F52CEBBA1EB in /usr/lib/libQt5Pas.so.1
  $000000000051B6CD line 314, column 42 of qtobject.inc in /usr/lib/doublecmd/doublecmd
  $00000000004BA536 line 1615, column 3 of include/application.inc in /usr/lib/doublecmd/doublecmd
  $00000000004DB081 line 2192, column 3 of fmain.pas in /usr/lib/doublecmd/doublecmd
  $00000000004AF27C line 2196, column 7 of include/customform.inc in /usr/lib/doublecmd/doublecmd
  $00000000004AF4FD line 2276, column 3 of include/customform.inc in /usr/lib/doublecmd/doublecmd
  $000000000043942F in /usr/lib/doublecmd/doublecmd
  $0000000000647BBD line 5411, column 28 of include/wincontrol.inc in /usr/lib/doublecmd/doublecmd
  $00000000004ACD72 line 1477, column 31 of include/customform.inc in /usr/lib/doublecmd/doublecmd
  $00000000006EAD3B line 5702, column 7 of qtwidgets.pas in /usr/lib/doublecmd/doublecmd
  $00000000006E5459 line 2868, column 3 of qtwidgets.pas in /usr/lib/doublecmd/doublecmd
  $00000000004EACCF line 6243, column 19 of fmain.pas in /usr/lib/doublecmd/doublecmd
  $00007F52CD33B723 in /usr/lib/libQt5Core.so.5

--------------- 14-03-2020, 23:33:13 ---------------
| DC v0.9.8 beta Rev. 9296 -- x86_64-Linux-qt5
| Manjaro Linux -- Qt 5.14.1, libQt5Pas 5.6.1 | PID 1775
Unhandled exception: EAccessViolation: Access violation
  Stack trace:
  $00007FEC016041EB in /usr/lib/libQt5Pas.so.1
  $000000000051B6CD line 314, column 42 of qtobject.inc in /usr/lib/doublecmd/doublecmd
  $00000000004BA536 line 1615, column 3 of include/application.inc in /usr/lib/doublecmd/doublecmd
  $00000000004DB081 line 2192, column 3 of fmain.pas in /usr/lib/doublecmd/doublecmd
  $00000000004AF27C line 2196, column 7 of include/customform.inc in /usr/lib/doublecmd/doublecmd
  $00000000004AF4FD line 2276, column 3 of include/customform.inc in /usr/lib/doublecmd/doublecmd
  $000000000043942F in /usr/lib/doublecmd/doublecmd
  $0000000000647BBD line 5411, column 28 of include/wincontrol.inc in /usr/lib/doublecmd/doublecmd
  $00000000004ACD72 line 1477, column 31 of include/customform.inc in /usr/lib/doublecmd/doublecmd
  $00000000006EAD3B line 5702, column 7 of qtwidgets.pas in /usr/lib/doublecmd/doublecmd
  $00000000006E5459 line 2868, column 3 of qtwidgets.pas in /usr/lib/doublecmd/doublecmd
  $00000000004EACCF line 6243, column 19 of fmain.pas in /usr/lib/doublecmd/doublecmd
  $00007FEBFFD7F723 in /usr/lib/libQt5Core.so.5

--------------- 18-03-2020, 13:21:54 ---------------
| DC v0.9.8 beta Rev. 9296 -- x86_64-Linux-qt5
| Manjaro Linux -- Qt 5.14.1, libQt5Pas 5.6.1 | PID 1687
Unhandled exception: EAccessViolation: Access violation
  Stack trace:
  $00007F2C7F4CE1EB in /usr/lib/libQt5Pas.so.1
  $000000000051B6CD line 314, column 42 of qtobject.inc in /usr/lib/doublecmd/doublecmd
  $00000000004BA536 line 1615, column 3 of include/application.inc in /usr/lib/doublecmd/doublecmd
  $00000000004DB081 line 2192, column 3 of fmain.pas in /usr/lib/doublecmd/doublecmd
  $00000000004AF27C line 2196, column 7 of include/customform.inc in /usr/lib/doublecmd/doublecmd
  $00000000004AF4FD line 2276, column 3 of include/customform.inc in /usr/lib/doublecmd/doublecmd
  $000000000043942F in /usr/lib/doublecmd/doublecmd
  $0000000000647BBD line 5411, column 28 of include/wincontrol.inc in /usr/lib/doublecmd/doublecmd
  $00000000004ACD72 line 1477, column 31 of include/customform.inc in /usr/lib/doublecmd/doublecmd
  $00000000006EAD3B line 5702, column 7 of qtwidgets.pas in /usr/lib/doublecmd/doublecmd
  $00000000006E5459 line 2868, column 3 of qtwidgets.pas in /usr/lib/doublecmd/doublecmd
  $00000000004EACCF line 6243, column 19 of fmain.pas in /usr/lib/doublecmd/doublecmd
  $00007F2C7DC49723 in /usr/lib/libQt5Core.so.5

--------------- 24-03-2020, 11:38:55 ---------------
| DC v0.9.8 beta Rev. 9296 -- x86_64-Linux-qt5
| Manjaro Linux -- Qt 5.14.1, libQt5Pas 5.6.1 | PID 49520
Unhandled exception: EAccessViolation: Access violation
  Stack trace:
  $00007F48114281EB in /usr/lib/libQt5Pas.so.1
  $000000000051B6CD line 314, column 42 of qtobject.inc in /usr/lib/doublecmd/doublecmd
  $00000000004BA536 line 1615, column 3 of include/application.inc in /usr/lib/doublecmd/doublecmd
  $00000000004DB081 line 2192, column 3 of fmain.pas in /usr/lib/doublecmd/doublecmd
  $00000000004AF27C line 2196, column 7 of include/customform.inc in /usr/lib/doublecmd/doublecmd
  $00000000004AF4FD line 2276, column 3 of include/customform.inc in /usr/lib/doublecmd/doublecmd
  $000000000043942F in /usr/lib/doublecmd/doublecmd
  $0000000000647BBD line 5411, column 28 of include/wincontrol.inc in /usr/lib/doublecmd/doublecmd
  $00000000004ACD72 line 1477, column 31 of include/customform.inc in /usr/lib/doublecmd/doublecmd
  $00000000006EAD3B line 5702, column 7 of qtwidgets.pas in /usr/lib/doublecmd/doublecmd
  $00000000006E5459 line 2868, column 3 of qtwidgets.pas in /usr/lib/doublecmd/doublecmd
  $00000000004EACCF line 6243, column 19 of fmain.pas in /usr/lib/doublecmd/doublecmd
  $00007F480FBA3723 in /usr/lib/libQt5Core.so.5

--------------- 26-03-2020, 18:28:02 ---------------
| DC v0.9.8 beta Rev. 9296 -- x86_64-Linux-qt5
| Manjaro Linux -- Qt 5.14.1, libQt5Pas 5.6.1 | PID 18438
Unhandled exception: EAccessViolation: Access violation
  Stack trace:
  $00007F6BE389C299 in /usr/lib/libQt5Pas.so.1
  $000000000051B6CD line 314, column 42 of qtobject.inc in /usr/lib/doublecmd/doublecmd
  $00000000004BA536 line 1615, column 3 of include/application.inc in /usr/lib/doublecmd/doublecmd
  $00000000004DB081 line 2192, column 3 of fmain.pas in /usr/lib/doublecmd/doublecmd
  $00000000004AF27C line 2196, column 7 of include/customform.inc in /usr/lib/doublecmd/doublecmd
  $00000000004AF4FD line 2276, column 3 of include/customform.inc in /usr/lib/doublecmd/doublecmd
  $000000000043942F in /usr/lib/doublecmd/doublecmd
  $0000000000647BBD line 5411, column 28 of include/wincontrol.inc in /usr/lib/doublecmd/doublecmd
  $00000000004ACD72 line 1477, column 31 of include/customform.inc in /usr/lib/doublecmd/doublecmd
  $00000000006EAD3B line 5702, column 7 of qtwidgets.pas in /usr/lib/doublecmd/doublecmd
  $00000000006E5459 line 2868, column 3 of qtwidgets.pas in /usr/lib/doublecmd/doublecmd
  $00000000004EACCF line 6243, column 19 of fmain.pas in /usr/lib/doublecmd/doublecmd
  $00007F6BE2016723 in /usr/lib/libQt5Core.so.5

--------------- 26-03-2020, 18:30:28 ---------------
| DC v0.9.8 beta Rev. 9296 -- x86_64-Linux-qt5
| Manjaro Linux -- Qt 5.14.1, libQt5Pas 5.6.1 | PID 1681
Unhandled exception: EAccessViolation: Access violation
  Stack trace:
  $00007F9428FE3299 in /usr/lib/libQt5Pas.so.1
  $000000000051B6CD line 314, column 42 of qtobject.inc in /usr/lib/doublecmd/doublecmd
  $00000000004BA536 line 1615, column 3 of include/application.inc in /usr/lib/doublecmd/doublecmd
  $00000000004DB081 line 2192, column 3 of fmain.pas in /usr/lib/doublecmd/doublecmd
  $00000000004AF27C line 2196, column 7 of include/customform.inc in /usr/lib/doublecmd/doublecmd
  $00000000004AF4FD line 2276, column 3 of include/customform.inc in /usr/lib/doublecmd/doublecmd
  $000000000043942F in /usr/lib/doublecmd/doublecmd
  $0000000000647BBD line 5411, column 28 of include/wincontrol.inc in /usr/lib/doublecmd/doublecmd
  $00000000004ACD72 line 1477, column 31 of include/customform.inc in /usr/lib/doublecmd/doublecmd
  $00000000006EAD3B line 5702, column 7 of qtwidgets.pas in /usr/lib/doublecmd/doublecmd
  $00000000006E5459 line 2868, column 3 of qtwidgets.pas in /usr/lib/doublecmd/doublecmd
  $00000000004EACCF line 6243, column 19 of fmain.pas in /usr/lib/doublecmd/doublecmd
  $00007F942775D723 in /usr/lib/libQt5Core.so.5

--------------- 26-03-2020, 18:31:40 ---------------
| DC v0.9.8 beta Rev. 9296 -- x86_64-Linux-qt5
| Manjaro Linux -- Qt 5.14.1, libQt5Pas 5.6.1 | PID 2604
Unhandled exception: EAccessViolation: Access violation
  Stack trace:
  $00007FDF603DC299 in /usr/lib/libQt5Pas.so.1
  $000000000051B6CD line 314, column 42 of qtobject.inc in /usr/lib/doublecmd/doublecmd
  $00000000004BA536 line 1615, column 3 of include/application.inc in /usr/lib/doublecmd/doublecmd
  $00000000004DB081 line 2192, column 3 of fmain.pas in /usr/lib/doublecmd/doublecmd
  $00000000004AF27C line 2196, column 7 of include/customform.inc in /usr/lib/doublecmd/doublecmd
  $00000000004AF4FD line 2276, column 3 of include/customform.inc in /usr/lib/doublecmd/doublecmd
  $000000000043942F in /usr/lib/doublecmd/doublecmd
  $0000000000647BBD line 5411, column 28 of include/wincontrol.inc in /usr/lib/doublecmd/doublecmd
  $00000000004ACD72 line 1477, column 31 of include/customform.inc in /usr/lib/doublecmd/doublecmd
  $00000000006EAD3B line 5702, column 7 of qtwidgets.pas in /usr/lib/doublecmd/doublecmd
  $00000000006E5459 line 2868, column 3 of qtwidgets.pas in /usr/lib/doublecmd/doublecmd
  $00000000004EACCF line 6243, column 19 of fmain.pas in /usr/lib/doublecmd/doublecmd
  $00007FDF5EB56723 in /usr/lib/libQt5Core.so.5

--------------- 26-03-2020, 18:43:45 ---------------
| DC v0.9.8 beta Rev. 9296 -- x86_64-Linux-qt5
| Manjaro Linux -- Qt 5.14.1, libQt5Pas 5.6.1 | PID 3688
Unhandled exception: EAccessViolation: Access violation
  Stack trace:
  $00007F7EAD0CE299 in /usr/lib/libQt5Pas.so.1
  $000000000051B6CD line 314, column 42 of qtobject.inc in /usr/lib/doublecmd/doublecmd
  $00000000004BA536 line 1615, column 3 of include/application.inc in /usr/lib/doublecmd/doublecmd
  $00000000004DB081 line 2192, column 3 of fmain.pas in /usr/lib/doublecmd/doublecmd
  $00000000004AF27C line 2196, column 7 of include/customform.inc in /usr/lib/doublecmd/doublecmd
  $00000000004AF4FD line 2276, column 3 of include/customform.inc in /usr/lib/doublecmd/doublecmd
  $000000000043942F in /usr/lib/doublecmd/doublecmd
  $0000000000647BBD line 5411, column 28 of include/wincontrol.inc in /usr/lib/doublecmd/doublecmd
  $00000000004ACD72 line 1477, column 31 of include/customform.inc in /usr/lib/doublecmd/doublecmd
  $00000000006EAD3B line 5702, column 7 of qtwidgets.pas in /usr/lib/doublecmd/doublecmd
  $00000000006E5459 line 2868, column 3 of qtwidgets.pas in /usr/lib/doublecmd/doublecmd
  $00000000004EACCF line 6243, column 19 of fmain.pas in /usr/lib/doublecmd/doublecmd
  $00007F7EAB848723 in /usr/lib/libQt5Core.so.5

--------------- 26-03-2020, 18:52:11 ---------------
| DC v0.9.8 beta Rev. 9296 -- x86_64-Linux-qt5
| Manjaro Linux -- Qt 5.14.1, libQt5Pas 5.6.1 | PID 8491
Unhandled exception: EAccessViolation: Access violation
  Stack trace:
  $00007F8F43AD1299 in /usr/lib/libQt5Pas.so.1
  $000000000051B6CD line 314, column 42 of qtobject.inc in /usr/lib/doublecmd/doublecmd
  $00000000004BA536 line 1615, column 3 of include/application.inc in /usr/lib/doublecmd/doublecmd
  $00000000004DB081 line 2192, column 3 of fmain.pas in /usr/lib/doublecmd/doublecmd
  $00000000004AF27C line 2196, column 7 of include/customform.inc in /usr/lib/doublecmd/doublecmd
  $00000000004AF4FD line 2276, column 3 of include/customform.inc in /usr/lib/doublecmd/doublecmd
  $000000000043942F in /usr/lib/doublecmd/doublecmd
  $0000000000647BBD line 5411, column 28 of include/wincontrol.inc in /usr/lib/doublecmd/doublecmd
  $00000000004ACD72 line 1477, column 31 of include/customform.inc in /usr/lib/doublecmd/doublecmd
  $00000000006EAD3B line 5702, column 7 of qtwidgets.pas in /usr/lib/doublecmd/doublecmd
  $00000000006E5459 line 2868, column 3 of qtwidgets.pas in /usr/lib/doublecmd/doublecmd
  $00000000004EACCF line 6243, column 19 of fmain.pas in /usr/lib/doublecmd/doublecmd
  $00007F8F4224B723 in /usr/lib/libQt5Core.so.5

--------------- 28-03-2020, 23:04:43 ---------------
| DC v0.9.8 beta Rev. 9296 -- x86_64-Linux-qt5
| Manjaro Linux -- Qt 5.14.1, libQt5Pas 5.6.1 | PID 1716
Unhandled exception: EAccessViolation: Access violation
  Stack trace:
  $00007FDE71304299 in /usr/lib/libQt5Pas.so.1
  $000000000051B6CD line 314, column 42 of qtobject.inc in /usr/lib/doublecmd/doublecmd
  $00000000004BA536 line 1615, column 3 of include/application.inc in /usr/lib/doublecmd/doublecmd
  $00000000004DB081 line 2192, column 3 of fmain.pas in /usr/lib/doublecmd/doublecmd
  $00000000004AF27C line 2196, column 7 of include/customform.inc in /usr/lib/doublecmd/doublecmd
  $00000000004AF4FD line 2276, column 3 of include/customform.inc in /usr/lib/doublecmd/doublecmd
  $000000000043942F in /usr/lib/doublecmd/doublecmd
  $0000000000647BBD line 5411, column 28 of include/wincontrol.inc in /usr/lib/doublecmd/doublecmd
  $00000000004ACD72 line 1477, column 31 of include/customform.inc in /usr/lib/doublecmd/doublecmd
  $00000000006EAD3B line 5702, column 7 of qtwidgets.pas in /usr/lib/doublecmd/doublecmd
  $00000000006E5459 line 2868, column 3 of qtwidgets.pas in /usr/lib/doublecmd/doublecmd
  $00000000004EACCF line 6243, column 19 of fmain.pas in /usr/lib/doublecmd/doublecmd
  $00007FDE6FA7E723 in /usr/lib/libQt5Core.so.5

--------------- 29-03-2020, 15:07:44 ---------------
| DC v0.9.8 beta Rev. 9296 -- x86_64-Linux-qt5
| Manjaro Linux -- Qt 5.14.1, libQt5Pas 5.6.1 | PID 1842
Unhandled exception: EAccessViolation: Access violation
  Stack trace:
  $00007FD26A57C299 in /usr/lib/libQt5Pas.so.1
  $000000000051B6CD line 314, column 42 of qtobject.inc in /usr/lib/doublecmd/doublecmd
  $00000000004BA536 line 1615, column 3 of include/application.inc in /usr/lib/doublecmd/doublecmd
  $00000000004DB081 line 2192, column 3 of fmain.pas in /usr/lib/doublecmd/doublecmd
  $00000000004AF27C line 2196, column 7 of include/customform.inc in /usr/lib/doublecmd/doublecmd
  $00000000004AF4FD line 2276, column 3 of include/customform.inc in /usr/lib/doublecmd/doublecmd
  $000000000043942F in /usr/lib/doublecmd/doublecmd
  $0000000000647BBD line 5411, column 28 of include/wincontrol.inc in /usr/lib/doublecmd/doublecmd
  $00000000004ACD72 line 1477, column 31 of include/customform.inc in /usr/lib/doublecmd/doublecmd
  $00000000006EAD3B line 5702, column 7 of qtwidgets.pas in /usr/lib/doublecmd/doublecmd
  $00000000006E5459 line 2868, column 3 of qtwidgets.pas in /usr/lib/doublecmd/doublecmd
  $00000000004EACCF line 6243, column 19 of fmain.pas in /usr/lib/doublecmd/doublecmd
  $00007FD268CF6723 in /usr/lib/libQt5Core.so.5

--------------- 29-03-2020, 15:08:58 ---------------
| DC v0.9.8 beta Rev. 9296 -- x86_64-Linux-qt5
| Manjaro Linux -- Qt 5.14.1, libQt5Pas 5.6.1 | PID 8411
Unhandled exception: EAccessViolation: Access violation
  Stack trace:
  $00007F6B8779A299 in /usr/lib/libQt5Pas.so.1
  $000000000051B6CD line 314, column 42 of qtobject.inc in /usr/lib/doublecmd/doublecmd
  $00000000004BA536 line 1615, column 3 of include/application.inc in /usr/lib/doublecmd/doublecmd
  $00000000004DB081 line 2192, column 3 of fmain.pas in /usr/lib/doublecmd/doublecmd
  $00000000004AF27C line 2196, column 7 of include/customform.inc in /usr/lib/doublecmd/doublecmd
  $00000000004AF4FD line 2276, column 3 of include/customform.inc in /usr/lib/doublecmd/doublecmd
  $000000000043942F in /usr/lib/doublecmd/doublecmd
  $0000000000647BBD line 5411, column 28 of include/wincontrol.inc in /usr/lib/doublecmd/doublecmd
  $00000000004ACD72 line 1477, column 31 of include/customform.inc in /usr/lib/doublecmd/doublecmd
  $00000000006EAD3B line 5702, column 7 of qtwidgets.pas in /usr/lib/doublecmd/doublecmd
  $00000000006E5459 line 2868, column 3 of qtwidgets.pas in /usr/lib/doublecmd/doublecmd
  $00000000004EACCF line 6243, column 19 of fmain.pas in /usr/lib/doublecmd/doublecmd
  $00007F6B85F14723 in /usr/lib/libQt5Core.so.5

--------------- 29-03-2020, 15:24:48 ---------------
| DC v0.9.8 beta Rev. 9296 -- x86_64-Linux-qt5
| Manjaro Linux -- Qt 5.14.1, libQt5Pas 5.6.1 | PID 9060
Unhandled exception: EAccessViolation: Access violation
  Stack trace:
  $00007F83D7D20299 in /usr/lib/libQt5Pas.so.1
  $000000000051B6CD line 314, column 42 of qtobject.inc in /usr/lib/doublecmd/doublecmd
  $00000000004BA536 line 1615, column 3 of include/application.inc in /usr/lib/doublecmd/doublecmd
  $00000000004DB081 line 2192, column 3 of fmain.pas in /usr/lib/doublecmd/doublecmd
  $00000000004AF27C line 2196, column 7 of include/customform.inc in /usr/lib/doublecmd/doublecmd
  $00000000004AF4FD line 2276, column 3 of include/customform.inc in /usr/lib/doublecmd/doublecmd
  $000000000043942F in /usr/lib/doublecmd/doublecmd
  $0000000000647BBD line 5411, column 28 of include/wincontrol.inc in /usr/lib/doublecmd/doublecmd
  $00000000004ACD72 line 1477, column 31 of include/customform.inc in /usr/lib/doublecmd/doublecmd
  $00000000006EAD3B line 5702, column 7 of qtwidgets.pas in /usr/lib/doublecmd/doublecmd
  $00000000006E5459 line 2868, column 3 of qtwidgets.pas in /usr/lib/doublecmd/doublecmd
  $00000000004EACCF line 6243, column 19 of fmain.pas in /usr/lib/doublecmd/doublecmd
  $00007F83D649A723 in /usr/lib/libQt5Core.so.5

--------------- 29-03-2020, 18:35:11 ---------------
| DC v0.9.8 beta Rev. 9296 -- x86_64-Linux-qt5
| Manjaro Linux -- Qt 5.14.1, libQt5Pas 5.6.1 | PID 12799
Unhandled exception: EAccessViolation: Access violation
  Stack trace:
  $00007FB459D72299 in /usr/lib/libQt5Pas.so.1
  $000000000051B6CD line 314, column 42 of qtobject.inc in /usr/bin/doublecmd
  $00000000004BA536 line 1615, column 3 of include/application.inc in /usr/bin/doublecmd
  $00000000004DB081 line 2192, column 3 of fmain.pas in /usr/bin/doublecmd
  $00000000004AF27C line 2196, column 7 of include/customform.inc in /usr/bin/doublecmd
  $00000000004AF4FD line 2276, column 3 of include/customform.inc in /usr/bin/doublecmd
  $000000000043942F in /usr/bin/doublecmd
  $0000000000647BBD line 5411, column 28 of include/wincontrol.inc in /usr/bin/doublecmd
  $00000000004ACD72 line 1477, column 31 of include/customform.inc in /usr/bin/doublecmd
  $00000000006EAD3B line 5702, column 7 of qtwidgets.pas in /usr/bin/doublecmd
  $00000000006E5459 line 2868, column 3 of qtwidgets.pas in /usr/bin/doublecmd
  $00000000004EACCF line 6243, column 19 of fmain.pas in /usr/bin/doublecmd
  $00007FB4584EC723 in /usr/lib/libQt5Core.so.5

--------------- 29-03-2020, 21:57:06 ---------------
| DC v0.9.8 beta Rev. 9296 -- x86_64-Linux-qt5
| Manjaro Linux -- Qt 5.14.1, libQt5Pas 5.6.1 | PID 10363
Unhandled exception: EAccessViolation: Access violation
  Stack trace:
  $00007F692B47D299 in /usr/lib/libQt5Pas.so.1
  $000000000051B6CD line 314, column 42 of qtobject.inc in /usr/bin/doublecmd
  $00000000004BA536 line 1615, column 3 of include/application.inc in /usr/bin/doublecmd
  $00000000004DB081 line 2192, column 3 of fmain.pas in /usr/bin/doublecmd
  $00000000004AF27C line 2196, column 7 of include/customform.inc in /usr/bin/doublecmd
  $00000000004AF4FD line 2276, column 3 of include/customform.inc in /usr/bin/doublecmd
  $000000000043942F in /usr/bin/doublecmd
  $0000000000647BBD line 5411, column 28 of include/wincontrol.inc in /usr/bin/doublecmd
  $00000000004ACD72 line 1477, column 31 of include/customform.inc in /usr/bin/doublecmd
  $00000000006EAD3B line 5702, column 7 of qtwidgets.pas in /usr/bin/doublecmd
  $00000000006E5459 line 2868, column 3 of qtwidgets.pas in /usr/bin/doublecmd
  $00000000004EACCF line 6243, column 19 of fmain.pas in /usr/bin/doublecmd
  $00007F6929BF7723 in /usr/lib/libQt5Core.so.5

--------------- 29-03-2020, 22:16:46 ---------------
| DC v0.9.8 beta Rev. 9296 -- x86_64-Linux-qt5
| Manjaro Linux -- Qt 5.14.1, libQt5Pas 5.6.1 | PID 1700
Unhandled exception: EAccessViolation: Access violation
  Stack trace:
  $00007F121C063299 in /usr/lib/libQt5Pas.so.1
  $000000000051B6CD line 314, column 42 of qtobject.inc in /usr/bin/doublecmd
  $00000000004BA536 line 1615, column 3 of include/application.inc in /usr/bin/doublecmd
  $00000000004DB081 line 2192, column 3 of fmain.pas in /usr/bin/doublecmd
  $00000000004AF27C line 2196, column 7 of include/customform.inc in /usr/bin/doublecmd
  $00000000004AF4FD line 2276, column 3 of include/customform.inc in /usr/bin/doublecmd
  $000000000043942F in /usr/bin/doublecmd
  $0000000000647BBD line 5411, column 28 of include/wincontrol.inc in /usr/bin/doublecmd
  $00000000004ACD72 line 1477, column 31 of include/customform.inc in /usr/bin/doublecmd
  $00000000006EAD3B line 5702, column 7 of qtwidgets.pas in /usr/bin/doublecmd
  $00000000006E5459 line 2868, column 3 of qtwidgets.pas in /usr/bin/doublecmd
  $00000000004EACCF line 6243, column 19 of fmain.pas in /usr/bin/doublecmd
  $00007F121A7DD723 in /usr/lib/libQt5Core.so.5

--------------- 30-03-2020, 08:48:56 ---------------
| DC v0.9.8 beta Rev. 9296 -- x86_64-Linux-qt5
| Manjaro Linux -- Qt 5.14.1, libQt5Pas 5.6.1 | PID 2831
Unhandled exception: EAccessViolation: Access violation
  Stack trace:
  $00007F62F38F2299 in /usr/lib/libQt5Pas.so.1
  $000000000051B6CD line 314, column 42 of qtobject.inc in /usr/bin/doublecmd
  $00000000004BA536 line 1615, column 3 of include/application.inc in /usr/bin/doublecmd
  $00000000004DB081 line 2192, column 3 of fmain.pas in /usr/bin/doublecmd
  $00000000004AF27C line 2196, column 7 of include/customform.inc in /usr/bin/doublecmd
  $00000000004AF4FD line 2276, column 3 of include/customform.inc in /usr/bin/doublecmd
  $000000000043942F in /usr/bin/doublecmd
  $0000000000647BBD line 5411, column 28 of include/wincontrol.inc in /usr/bin/doublecmd
  $00000000004ACD72 line 1477, column 31 of include/customform.inc in /usr/bin/doublecmd
  $00000000006EAD3B line 5702, column 7 of qtwidgets.pas in /usr/bin/doublecmd
  $00000000006E5459 line 2868, column 3 of qtwidgets.pas in /usr/bin/doublecmd
  $00000000004EACCF line 6243, column 19 of fmain.pas in /usr/bin/doublecmd
  $00007F62F206C723 in /usr/lib/libQt5Core.so.5

--------------- 30-03-2020, 09:58:00 ---------------
| DC v0.9.8 beta Rev. 9296 -- x86_64-Linux-qt5
| Manjaro Linux -- Qt 5.14.1, libQt5Pas 5.6.1 | PID 17784
Unhandled exception: EAccessViolation: Access violation
  Stack trace:
  $00007F26A1992299 in /usr/lib/libQt5Pas.so.1
  $000000000051B6CD line 314, column 42 of qtobject.inc in /usr/bin/doublecmd
  $00000000004BA536 line 1615, column 3 of include/application.inc in /usr/bin/doublecmd
  $00000000004DB081 line 2192, column 3 of fmain.pas in /usr/bin/doublecmd
  $00000000004AF27C line 2196, column 7 of include/customform.inc in /usr/bin/doublecmd
  $00000000004AF4FD line 2276, column 3 of include/customform.inc in /usr/bin/doublecmd
  $000000000043942F in /usr/bin/doublecmd
  $0000000000647BBD line 5411, column 28 of include/wincontrol.inc in /usr/bin/doublecmd
  $00000000004ACD72 line 1477, column 31 of include/customform.inc in /usr/bin/doublecmd
  $00000000006EAD3B line 5702, column 7 of qtwidgets.pas in /usr/bin/doublecmd
  $00000000006E5459 line 2868, column 3 of qtwidgets.pas in /usr/bin/doublecmd
  $00000000004EACCF line 6243, column 19 of fmain.pas in /usr/bin/doublecmd
  $00007F26A010C723 in /usr/lib/libQt5Core.so.5

--------------- 01-04-2020, 11:07:47 ---------------
| DC v0.9.8 beta Rev. 9296 -- x86_64-Linux-qt5
| Manjaro Linux -- Qt 5.14.1, libQt5Pas 5.6.1 | PID 1689
Unhandled exception: EAccessViolation: Access violation
  Stack trace:
  $00007FD3FCA0C299 in /usr/lib/libQt5Pas.so.1
  $000000000051B6CD line 314, column 42 of qtobject.inc in /usr/bin/doublecmd
  $00000000004BA536 line 1615, column 3 of include/application.inc in /usr/bin/doublecmd
  $00000000004DB081 line 2192, column 3 of fmain.pas in /usr/bin/doublecmd
  $00000000004AF27C line 2196, column 7 of include/customform.inc in /usr/bin/doublecmd
  $00000000004AF4FD line 2276, column 3 of include/customform.inc in /usr/bin/doublecmd
  $000000000043942F in /usr/bin/doublecmd
  $0000000000647BBD line 5411, column 28 of include/wincontrol.inc in /usr/bin/doublecmd
  $00000000004ACD72 line 1477, column 31 of include/customform.inc in /usr/bin/doublecmd
  $00000000006EAD3B line 5702, column 7 of qtwidgets.pas in /usr/bin/doublecmd
  $00000000006E5459 line 2868, column 3 of qtwidgets.pas in /usr/bin/doublecmd
  $00000000004EACCF line 6243, column 19 of fmain.pas in /usr/bin/doublecmd
  $00007FD3FB186723 in /usr/lib/libQt5Core.so.5

--------------- 02-04-2020, 00:14:51 ---------------
| DC v0.9.8 beta Rev. 9296 -- x86_64-Linux-qt5
| Manjaro Linux -- Qt 5.14.1, libQt5Pas 5.6.1 | PID 3335
Unhandled exception: EAccessViolation: Access violation
  Stack trace:
  $00007F554BBB7299 in /usr/lib/libQt5Pas.so.1
  $000000000051B6CD line 314, column 42 of qtobject.inc in /usr/bin/doublecmd
  $00000000004BA536 line 1615, column 3 of include/application.inc in /usr/bin/doublecmd
  $00000000004DB081 line 2192, column 3 of fmain.pas in /usr/bin/doublecmd
  $00000000004AF27C line 2196, column 7 of include/customform.inc in /usr/bin/doublecmd
  $00000000004AF4FD line 2276, column 3 of include/customform.inc in /usr/bin/doublecmd
  $000000000043942F in /usr/bin/doublecmd
  $0000000000647BBD line 5411, column 28 of include/wincontrol.inc in /usr/bin/doublecmd
  $00000000004ACD72 line 1477, column 31 of include/customform.inc in /usr/bin/doublecmd
  $00000000006EAD3B line 5702, column 7 of qtwidgets.pas in /usr/bin/doublecmd
  $00000000006E5459 line 2868, column 3 of qtwidgets.pas in /usr/bin/doublecmd
  $00000000004EACCF line 6243, column 19 of fmain.pas in /usr/bin/doublecmd
  $00007F554A331723 in /usr/lib/libQt5Core.so.5

--------------- 02-04-2020, 17:03:46 ---------------
| DC v0.9.8 beta Rev. 9296 -- x86_64-Linux-qt5
| Manjaro Linux -- Qt 5.14.1, libQt5Pas 5.6.1 | PID 11127
Unhandled exception: EAccessViolation: Access violation
  Stack trace:
  $00007FE6D4F9F299 in /usr/lib/libQt5Pas.so.1
  $000000000051B6CD line 314, column 42 of qtobject.inc in /usr/bin/doublecmd
  $00000000004BA536 line 1615, column 3 of include/application.inc in /usr/bin/doublecmd
  $00000000004DB081 line 2192, column 3 of fmain.pas in /usr/bin/doublecmd
  $00000000004AF27C line 2196, column 7 of include/customform.inc in /usr/bin/doublecmd
  $00000000004AF4FD line 2276, column 3 of include/customform.inc in /usr/bin/doublecmd
  $000000000043942F in /usr/bin/doublecmd
  $0000000000647BBD line 5411, column 28 of include/wincontrol.inc in /usr/bin/doublecmd
  $00000000004ACD72 line 1477, column 31 of include/customform.inc in /usr/bin/doublecmd
  $00000000006EAD3B line 5702, column 7 of qtwidgets.pas in /usr/bin/doublecmd
  $00000000006E5459 line 2868, column 3 of qtwidgets.pas in /usr/bin/doublecmd
  $00000000004EACCF line 6243, column 19 of fmain.pas in /usr/bin/doublecmd
  $00007FE6D3719723 in /usr/lib/libQt5Core.so.5

--------------- 02-04-2020, 20:28:12 ---------------
| DC v0.9.8 beta Rev. 9296 -- x86_64-Linux-qt5
| Manjaro Linux -- Qt 5.14.1, libQt5Pas 5.6.1 | PID 66502
Unhandled exception: EAccessViolation: Access violation
  Stack trace:
  $00007FA3C636B299 in /usr/lib/libQt5Pas.so.1
  $000000000051B6CD line 314, column 42 of qtobject.inc in /usr/bin/doublecmd
  $00000000004BA536 line 1615, column 3 of include/application.inc in /usr/bin/doublecmd
  $00000000004DB081 line 2192, column 3 of fmain.pas in /usr/bin/doublecmd
  $00000000004AF27C line 2196, column 7 of include/customform.inc in /usr/bin/doublecmd
  $00000000004AF4FD line 2276, column 3 of include/customform.inc in /usr/bin/doublecmd
  $000000000043942F in /usr/bin/doublecmd
  $0000000000647BBD line 5411, column 28 of include/wincontrol.inc in /usr/bin/doublecmd
  $00000000004ACD72 line 1477, column 31 of include/customform.inc in /usr/bin/doublecmd
  $00000000006EAD3B line 5702, column 7 of qtwidgets.pas in /usr/bin/doublecmd
  $00000000006E5459 line 2868, column 3 of qtwidgets.pas in /usr/bin/doublecmd
  $00000000004EACCF line 6243, column 19 of fmain.pas in /usr/bin/doublecmd
  $00007FA3C4AE5723 in /usr/lib/libQt5Core.so.5

--------------- 03-04-2020, 17:49:09 ---------------
| DC v0.9.8 beta Rev. 9296 -- x86_64-Linux-qt5
| Manjaro Linux -- Qt 5.14.1, libQt5Pas 5.6.1 | PID 1847
Unhandled exception: EAccessViolation: Access violation
  Stack trace:
  $00007FE09281D299 in /usr/lib/libQt5Pas.so.1
  $000000000051B6CD line 314, column 42 of qtobject.inc in /usr/bin/doublecmd
  $00000000004BA536 line 1615, column 3 of include/application.inc in /usr/bin/doublecmd
  $00000000004DB081 line 2192, column 3 of fmain.pas in /usr/bin/doublecmd
  $00000000004AF27C line 2196, column 7 of include/customform.inc in /usr/bin/doublecmd
  $00000000004AF4FD line 2276, column 3 of include/customform.inc in /usr/bin/doublecmd
  $000000000043942F in /usr/bin/doublecmd
  $0000000000647BBD line 5411, column 28 of include/wincontrol.inc in /usr/bin/doublecmd
  $00000000004ACD72 line 1477, column 31 of include/customform.inc in /usr/bin/doublecmd
  $00000000006EAD3B line 5702, column 7 of qtwidgets.pas in /usr/bin/doublecmd
  $00000000006E5459 line 2868, column 3 of qtwidgets.pas in /usr/bin/doublecmd
  $00000000004EACCF line 6243, column 19 of fmain.pas in /usr/bin/doublecmd
  $00007FE090F97723 in /usr/lib/libQt5Core.so.5

--------------- 07-04-2020, 17:37:55 ---------------
| DC v0.9.8 beta Rev. 9296 -- x86_64-Linux-qt5
| Manjaro Linux -- Qt 5.14.1, libQt5Pas 5.6.1 | PID 1832
Unhandled exception: EAccessViolation: Access violation
  Stack trace:
  $00007FA568B43299 in /usr/lib/libQt5Pas.so.1
  $000000000051B6CD line 314, column 42 of qtobject.inc in /usr/bin/doublecmd
  $00000000004BA536 line 1615, column 3 of include/application.inc in /usr/bin/doublecmd
  $00000000004DB081 line 2192, column 3 of fmain.pas in /usr/bin/doublecmd
  $00000000004AF27C line 2196, column 7 of include/customform.inc in /usr/bin/doublecmd
  $00000000004AF4FD line 2276, column 3 of include/customform.inc in /usr/bin/doublecmd
  $000000000043942F in /usr/bin/doublecmd
  $0000000000647BBD line 5411, column 28 of include/wincontrol.inc in /usr/bin/doublecmd
  $00000000004ACD72 line 1477, column 31 of include/customform.inc in /usr/bin/doublecmd
  $00000000006EAD3B line 5702, column 7 of qtwidgets.pas in /usr/bin/doublecmd
  $00000000006E5459 line 2868, column 3 of qtwidgets.pas in /usr/bin/doublecmd
  $00000000004EACCF line 6243, column 19 of fmain.pas in /usr/bin/doublecmd
  $00007FA5672BD723 in /usr/lib/libQt5Core.so.5

--------------- 08-04-2020, 19:26:04 ---------------
| DC v0.9.8 beta Rev. 9296 -- x86_64-Linux-qt5
| Manjaro Linux -- Qt 5.14.2, libQt5Pas 5.6.1 | PID 1816
Unhandled exception: EAccessViolation: Access violation
  Stack trace:
  $00007F16E3DEA952 in /usr/lib/libQt5Pas.so.1
  $00007F16E3DEA8A8 in /usr/lib/libQt5Pas.so.1
  $0000000000708433 line 17806, column 75 of qtwidgets.pas in /usr/bin/doublecmd
  $0000000000707C0F line 17570, column 3 of qtwidgets.pas in /usr/bin/doublecmd
  $0000000000438F00 in /usr/bin/doublecmd
  $00000000006E438E line 2270, column 3 of qtwidgets.pas in /usr/bin/doublecmd
  $00000000006E43C4 line 2276, column 3 of qtwidgets.pas in /usr/bin/doublecmd
  $00007F16E3E3F80D in /usr/lib/libQt5Pas.so.1
  $00007F16E3E3F5C6 in /usr/lib/libQt5Pas.so.1
  $00007F16E251DD10 in /usr/lib/libQt5Core.so.5
  $00007F16E25183C0 in /usr/lib/libQt5Core.so.5

--------------- 08-04-2020, 19:26:05 ---------------
| DC v0.9.8 beta Rev. 9296 -- x86_64-Linux-qt5
| Manjaro Linux -- Qt 5.14.2, libQt5Pas 5.6.1 | PID 1816
Unhandled exception: EAccessViolation: Access violation
  Stack trace:
  $00007F16E3DEA952 in /usr/lib/libQt5Pas.so.1
  $00007F16E3DEA8A8 in /usr/lib/libQt5Pas.so.1
  $0000000000708433 line 17806, column 75 of qtwidgets.pas in /usr/bin/doublecmd
  $0000000000707C0F line 17570, column 3 of qtwidgets.pas in /usr/bin/doublecmd
  $0000000000438F00 in /usr/bin/doublecmd
  $00000000006E438E line 2270, column 3 of qtwidgets.pas in /usr/bin/doublecmd
  $00000000007B8790 line 208, column 24 of qtwscontrols.pp in /usr/bin/doublecmd
  $000000000064D638 line 7861, column 26 of include/wincontrol.inc in /usr/bin/doublecmd
  $000000000065FC65 line 47, column 3 of include/customcontrol.inc in /usr/bin/doublecmd
  $000000000064782F line 5313, column 5 of include/wincontrol.inc in /usr/bin/doublecmd
  $0000000000647819 line 5309, column 11 of include/wincontrol.inc in /usr/bin/doublecmd
  $000000000064A67C line 6606, column 5 of include/wincontrol.inc in /usr/bin/doublecmd
  $000000000065FBF1 line 40, column 3 of include/customcontrol.inc in /usr/bin/doublecmd
  $00000000004A8041 line 316, column 3 of include/scrollingwincontrol.inc in /usr/bin/doublecmd
  $00000000004A99D1 line 212, column 5 of include/customform.inc in /usr/bin/doublecmd
  $0000000000438F00 in /usr/bin/doublecmd
  $00000000004A4DF6 line 1934, column 3 of forms.pp in /usr/bin/doublecmd

--------------- 10-04-2020, 16:18:19 ---------------
| DC v0.9.8 beta Rev. 9296 -- x86_64-Linux-qt5
| Manjaro Linux -- Qt 5.14.2, libQt5Pas 5.6.1 | PID 1852
Unhandled exception: EListError: List index (9) out of bounds
  Stack trace:
  $000000000045ECC0 in /usr/bin/doublecmd
  $000000000076C1D5 line 6539, column 3 of grids.pas in /usr/bin/doublecmd
  $0000000000A42C70 line 1998, column 3 of fileviews/ucolumnsfileview.pas in /usr/bin/doublecmd
  $0000000000655E57 line 2462, column 22 of include/control.inc in /usr/bin/doublecmd
  $000000000043942F in /usr/bin/doublecmd
  $0000000000647BBD line 5411, column 28 of include/wincontrol.inc in /usr/bin/doublecmd
  $000000000076692A line 4833, column 31 of grids.pas in /usr/bin/doublecmd
  $00000000006EAD3B line 5702, column 7 of qtwidgets.pas in /usr/bin/doublecmd
  $00000000006E6B2A line 3616, column 7 of qtwidgets.pas in /usr/bin/doublecmd
  $00000000006E4BA0 line 2642, column 46 of qtwidgets.pas in /usr/bin/doublecmd
  $0000000000706C22 line 17141, column 15 of qtwidgets.pas in /usr/bin/doublecmd
  $0000000000707EA9 line 17650, column 9 of qtwidgets.pas in /usr/bin/doublecmd
  $00007F9AF03159D8 in /usr/lib/libQt5Pas.so.1
  $00007F9AEEA13203 in /usr/lib/libQt5Core.so.5

--------------- 10-04-2020, 16:18:22 ---------------
| DC v0.9.8 beta Rev. 9296 -- x86_64-Linux-qt5
| Manjaro Linux -- Qt 5.14.2, libQt5Pas 5.6.1 | PID 1852
Unhandled exception: EListError: List index (9) out of bounds
  Stack trace:
  $000000000045ECC0 in /usr/bin/doublecmd
  $000000000076C1D5 line 6539, column 3 of grids.pas in /usr/bin/doublecmd
  $0000000000A42C70 line 1998, column 3 of fileviews/ucolumnsfileview.pas in /usr/bin/doublecmd
  $0000000000655E57 line 2462, column 22 of include/control.inc in /usr/bin/doublecmd
  $000000000043942F in /usr/bin/doublecmd
  $0000000000647BBD line 5411, column 28 of include/wincontrol.inc in /usr/bin/doublecmd
  $000000000076692A line 4833, column 31 of grids.pas in /usr/bin/doublecmd
  $00000000006EAD3B line 5702, column 7 of qtwidgets.pas in /usr/bin/doublecmd
  $00000000006E6B2A line 3616, column 7 of qtwidgets.pas in /usr/bin/doublecmd
  $00000000006E4BA0 line 2642, column 46 of qtwidgets.pas in /usr/bin/doublecmd
  $0000000000706C22 line 17141, column 15 of qtwidgets.pas in /usr/bin/doublecmd
  $0000000000707EA9 line 17650, column 9 of qtwidgets.pas in /usr/bin/doublecmd
  $00007F9AF03159D8 in /usr/lib/libQt5Pas.so.1
  $00007F9AEEA13203 in /usr/lib/libQt5Core.so.5

--------------- 18-04-2020, 22:38:38 ---------------
| DC v0.9.8 beta Rev. 9296 -- x86_64-Linux-qt5
| Manjaro Linux -- Qt 5.14.2, libQt5Pas 5.6.1 | PID 1863
Unhandled exception: EAccessViolation: Access violation
  Stack trace:
  $00007FF2C69D766C in /usr/lib/libQt5Pas.so.1

--------------- 18-04-2020, 22:38:52 ---------------
| DC v0.9.8 beta Rev. 9296 -- x86_64-Linux-qt5
| Manjaro Linux -- Qt 5.14.2, libQt5Pas 5.6.1 | PID 47596
Unhandled exception: EAccessViolation: Access violation
  Stack trace:
  $00007F390A68B66C in /usr/lib/libQt5Pas.so.1

--------------- 20-04-2020, 23:18:07 ---------------
| DC v0.9.8 beta Rev. 9296 -- x86_64-Linux-qt5
| Manjaro Linux -- Qt 5.14.2, libQt5Pas 5.6.1 | PID 3514
Unhandled exception: EAccessViolation: Access violation
  Stack trace:
  $00007FBFD704766C in /usr/lib/libQt5Pas.so.1

--------------- 22-04-2020, 18:58:10 ---------------
| DC v0.9.8 beta Rev. 9296 -- x86_64-Linux-qt5
| Manjaro Linux -- Qt 5.14.2, libQt5Pas 5.6.1 | PID 2160
Unhandled exception: EAccessViolation: Access violation
  Stack trace:
  $00007F1C4B45666C in /usr/lib/libQt5Pas.so.1

--------------- 28-04-2020, 02:40:48 ---------------
| DC v0.9.8 beta Rev. 9296 -- x86_64-Linux-qt5
| Manjaro Linux -- Qt 5.14.2, libQt5Pas 5.6.1 | PID 1834
Unhandled exception: EAccessViolation: Access violation
  Stack trace:
  $00007F3A0403D66C in /usr/lib/libQt5Pas.so.1

--------------- 28-04-2020, 02:46:56 ---------------
| DC v0.9.8 beta Rev. 9296 -- x86_64-Linux-qt5
| Manjaro Linux -- Qt 5.14.2, libQt5Pas 5.6.1 | PID 484318
Unhandled exception: EAccessViolation: Access violation
  Stack trace:
  $00007F9C8598366C in /usr/lib/libQt5Pas.so.1

--------------- 19-05-2020, 23:54:21 ---------------
| DC v0.9.8 beta Rev. 9296 -- x86_64-Linux-qt5
| Manjaro Linux -- Qt 5.14.2, libQt5Pas 5.6.1 | PID 3473
Unhandled exception: EAccessViolation: Access violation
  Stack trace:
  $00007F8770BC166C in /usr/lib/libQt5Pas.so.1

